<?xml version="1.0" encoding="UTF-8"?>
<persistence version="2.0" xmlns="http://java.sun.com/xml/ns/persistence"
             xmlns:xsi="http://www.w3.org/2001/XMLSchema-instance"
             xsi:schemaLocation="
        http://java.sun.com/xml/ns/persistence
        http://java.sun.com/xml/ns/persistence/persistence_2_0.xsd">    
    <persistence-unit name="DEFAULT_PU" transaction-type="JTA">
        <jta-data-source>jdbc/eshop</jta-data-source>
        <class>org.iproduct.eshop.jpa.entity.Book</class>
        <class>org.iproduct.eshop.jpa.entity.Publisher</class>
        <exclude-unlisted-classes>false</exclude-unlisted-classes>
        <properties>
            <property name="javax.persistence.schema-generation.database.action" value="create"/>
            <property name="eclipselink.logging.level.sql" value="FINE"/>
            <property name="eclipselink.logging.parameters" value="true"/>
        </properties>
    </persistence-unit>
</persistence>